<?xml version="1.0" encoding="UTF-8"?>
<testng-results skipped="0" failed="0" ignored="0" total="3" passed="3">
  <reporter-output>
  </reporter-output>
  <suite name="Default suite" duration-ms="7971" started-at="2023-04-06T15:07:00Z" finished-at="2023-04-06T15:07:08Z">
    <groups>
    </groups>
    <test name="Default test" duration-ms="7971" started-at="2023-04-06T15:07:00Z" finished-at="2023-04-06T15:07:08Z">
      <class name="com.jdbc.NewTestNg">
        <test-method status="PASS" signature="beforeClass()[pri:0, instance:com.jdbc.NewTestNg@5e57643e]" name="beforeClass" is-config="true" duration-ms="9" started-at="2023-04-06T15:07:00Z" finished-at="2023-04-06T15:07:00Z">
          <reporter-output>
          </reporter-output>
        </test-method> <!-- beforeClass -->
        <test-method status="PASS" signature="Test()[pri:0, instance:com.jdbc.NewTestNg@5e57643e]" name="Test" duration-ms="2617" started-at="2023-04-06T15:07:00Z" finished-at="2023-04-06T15:07:03Z">
          <reporter-output>
          </reporter-output>
        </test-method> <!-- Test -->
        <test-method status="PASS" signature="Test1()[pri:0, instance:com.jdbc.NewTestNg@5e57643e]" name="Test1" duration-ms="2197" started-at="2023-04-06T15:07:03Z" finished-at="2023-04-06T15:07:05Z">
          <reporter-output>
          </reporter-output>
        </test-method> <!-- Test1 -->
        <test-method status="PASS" signature="Test2()[pri:0, instance:com.jdbc.NewTestNg@5e57643e]" name="Test2" duration-ms="3126" started-at="2023-04-06T15:07:05Z" finished-at="2023-04-06T15:07:08Z">
          <reporter-output>
          </reporter-output>
        </test-method> <!-- Test2 -->
        <test-method status="PASS" signature="afterClass()[pri:0, instance:com.jdbc.NewTestNg@5e57643e]" name="afterClass" is-config="true" duration-ms="0" started-at="2023-04-06T15:07:08Z" finished-at="2023-04-06T15:07:08Z">
          <reporter-output>
          </reporter-output>
        </test-method> <!-- afterClass -->
      </class> <!-- com.jdbc.NewTestNg -->
    </test> <!-- Default test -->
  </suite> <!-- Default suite -->
</testng-results>
